This file contains any messages produced by compilers while
running configure, to aid debugging if configure makes a mistake.

configure:573: checking CGNS version
configure:585: checking if gcc is requested
configure:826: checking for cc
configure:907: checking whether the C compiler (cc  ) works
configure:923: cc -o conftest    conftest.c  1>&5
configure:920:1: warning: return type defaults to 'int' [-Wimplicit-int]
 main(){return(0);}
 ^
configure:949: checking whether the C compiler (cc  ) is a cross-compiler
configure:954: checking whether we are using GNU C
configure:963: cc -E conftest.c
configure:992: checking if compiler supports prototyping
configure:1002: cc -c -O2  conftest.c 1>&5
configure:1021: checking for object suffix
configure:1027: cc -c -O2  conftest.c 1>&5
configure:1045: checking for Cygwin environment
configure:1061: cc -c -O2  conftest.c 1>&5
configure: In function 'main':
configure:1055:20: error: '__CYGWIN32__' undeclared (first use in this function)
 #define __CYGWIN__ __CYGWIN32__
                    ^
configure:1057:8: note: in expansion of macro '__CYGWIN__'
 return __CYGWIN__;
        ^
configure:1055:20: note: each undeclared identifier is reported only once for each function it appears in
 #define __CYGWIN__ __CYGWIN32__
                    ^
configure:1057:8: note: in expansion of macro '__CYGWIN__'
 return __CYGWIN__;
        ^
configure: failed program was:
#line 1050 "configure"
#include "confdefs.h"

int main() {

#ifndef __CYGWIN__
#define __CYGWIN__ __CYGWIN32__
#endif
return __CYGWIN__;
; return 0; }
configure:1078: checking for mingw32 environment
configure:1090: cc -c -O2  conftest.c 1>&5
configure: In function 'main':
configure:1086:8: error: '__MINGW32__' undeclared (first use in this function)
 return __MINGW32__;
        ^
configure:1086:8: note: each undeclared identifier is reported only once for each function it appears in
configure: failed program was:
#line 1083 "configure"
#include "confdefs.h"

int main() {
return __MINGW32__;
; return 0; }
configure:1109: checking for executable suffix
configure:1119: cc -o conftest -O2   conftest.c  1>&5
configure:1226: checking for f77
configure:1226: checking for f90
configure:1226: checking for f95
configure:1226: checking for g77
configure:1226: checking for f2c
configure:1265: checking whether we are using GNU Fortran 77
configure:1274: f2c -E conftest.fpp
"conftest.fpp" does not end in .f or .F
configure:1297: checking if debugging is enabled
configure:1329: checking for ranlib
configure:1362: checking for strip
configure:1397: checking how to run the C preprocessor
configure:1418: cc -E  conftest.c >/dev/null 2>conftest.out
configure:1477: checking for ANSI C header files
configure:1490: cc -E  conftest.c >/dev/null 2>conftest.out
configure:1557: cc -o conftest -O2   conftest.c  1>&5
configure: In function 'main':
configure:1552:67: warning: implicit declaration of function 'exit' [-Wimplicit-function-declaration]
 if (XOR (islower (i), ISLOWER (i)) || toupper (i) != TOUPPER (i)) exit(2);
                                                                   ^
configure:1552:67: warning: incompatible implicit declaration of built-in function 'exit'
configure:1552:67: note: include '<stdlib.h>' or provide a declaration of 'exit'
configure:1553:1: warning: incompatible implicit declaration of built-in function 'exit'
 exit (0); }
 ^
configure:1553:1: note: include '<stdlib.h>' or provide a declaration of 'exit'
configure:1590: checking for working const
configure:1644: cc -c -O2  conftest.c 1>&5
configure:1668: checking for size_t
configure:1740: checking for a BSD compatible install
configure:1804: checking where to install library
configure:1809: checking where to install headers
configure:1814: checking where to install executables
configure:1819: checking where to install Tcl scripts
configure:1835: checking if system was specified
configure:1845: checking if 64bit support is requested
configure:1859: checking cgsystem
configure:1980: checking if legacy build is enabled
configure:2002: checking if scope enumeration values is enabled
configure:2025: checking size of long
configure:2044: cc -o conftest -O2    conftest.c  1>&5
configure: In function 'main':
configure:2039:14: warning: format '%d' expects argument of type 'int', but argument 3 has type 'long unsigned int' [-Wformat=]
   fprintf(f, "%d\n", sizeof(long));
              ^
configure:2116: checking if Fortran interface is enabled
configure:2168: checking Fortran to C interface
configure:2181: cc -c -O2  conftest.c 1>&5
configure:2195: f2c -o conftest   conftest.f conffunc.o  1>&5
Error on line 0: Invalid flag '-o'
configure: failed program was:

      program main
      call ffunc
      end
configure:2181: cc -c -O2  conftest.c 1>&5
configure:2195: f2c -o conftest   conftest.f conffunc.o  1>&5
Error on line 0: Invalid flag '-o'
configure: failed program was:

      program main
      call ffunc
      end
configure:2181: cc -c -O2  conftest.c 1>&5
configure:2195: f2c -o conftest   conftest.f conffunc.o  1>&5
Error on line 0: Invalid flag '-o'
configure: failed program was:

      program main
      call ffunc
      end
configure:2181: cc -c -O2  conftest.c 1>&5
configure:2195: f2c -o conftest   conftest.f conffunc.o  1>&5
Error on line 0: Invalid flag '-o'
configure: failed program was:

      program main
      call ffunc
      end
configure:2181: cc -c -O2  conftest.c 1>&5
configure:2195: f2c -o conftest   conftest.f conffunc.o  1>&5
Error on line 0: Invalid flag '-o'
configure: failed program was:

      program main
      call ffunc
      end
configure:2181: cc -c -O2  conftest.c 1>&5
configure:2195: f2c -o conftest   conftest.f conffunc.o  1>&5
Error on line 0: Invalid flag '-o'
configure: failed program was:

      program main
      call ffunc
      end
configure:2247: checking for concatenation operator
configure:2312: checking if building a shared library
configure:2375: checking if using HDF5
configure:2927: checking if large file support is requested
configure:3142: checking if building CGNStools
configure:3873: checking whether make sets ${MAKE}
